Reading table information for completion of table and column names
You can turn off this feature to get a quicker startup with -A

Welcome to the MySQL monitor.  Commands end with ; or \g.
Your MySQL connection id is 194
Server version: 5.6.40-log MySQL Community Server (GPL)

Copyright (c) 2000, 2017, Oracle and/or its affiliates. All rights reserved.

Oracle is a registered trademark of Oracle Corporation and/or its
affiliates. Other names may be trademarks of their respective
owners.

Type 'help;' or '\h' for help. Type '\c' to clear the current input statement.

mysql> source renum.sql
Query OK, 1 row affected (0.00 sec)

+---------+
| @IDMAX  |
+---------+
| 8804533 |
+---------+
1 row in set (0.00 sec)

mysql> source renum.sql
Reading table information for completion of table and column names
You can turn off this feature to get a quicker startup with -A

Database changed
Query OK, 1 row affected (0.00 sec)

+---------+
| @IDMAX  |
+---------+
| 8804533 |
+---------+
1 row in set (0.00 sec)

Query OK, 25 rows affected (0.12 sec)
Rows matched: 25  Changed: 25  Warnings: 0

Query OK, 0 rows affected (0.00 sec)

mysql> commit;
Query OK, 0 rows affected (0.00 sec)

mysql> exit
